<?xml version="1.0" encoding="UTF-8" ?>
<testsuite errors="0" failures="0" hostname="VoQn-MacBook.local" name="jp.ne.voqn.CalculatorTest" tests="8" time="0.097" timestamp="2010-03-06T07:13:55">
  <properties>
    <property name="java.runtime.name" value="Java(TM) SE Runtime Environment" />
    <property name="sun.boot.library.path" value="/System/Library/Frameworks/JavaVM.framework/Versions/1.6.0/Libraries" />
    <property name="java.vm.version" value="14.3-b01-101" />
    <property name="awt.nativeDoubleBuffering" value="true" />
    <property name="gopherProxySet" value="false" />
    <property name="mrj.build" value="10M3025" />
    <property name="java.vm.vendor" value="Apple Inc." />
    <property name="java.vendor.url" value="http://www.apple.com/" />
    <property name="path.separator" value=":" />
    <property name="java.vm.name" value="Java HotSpot(TM) 64-Bit Server VM" />
    <property name="file.encoding.pkg" value="sun.io" />
    <property name="user.country" value="JP" />
    <property name="sun.java.launcher" value="SUN_STANDARD" />
    <property name="sun.os.patch.level" value="unknown" />
    <property name="java.vm.specification.name" value="Java Virtual Machine Specification" />
    <property name="user.dir" value="/users/VoQn/repository/git/MyUtil" />
    <property name="java.runtime.version" value="1.6.0_17-b04-248-10M3025" />
    <property name="java.awt.graphicsenv" value="apple.awt.CGraphicsEnvironment" />
    <property name="java.endorsed.dirs" value="/System/Library/Frameworks/JavaVM.framework/Versions/1.6.0/Home/lib/endorsed" />
    <property name="os.arch" value="x86_64" />
    <property name="java.io.tmpdir" value="/var/folders/wA/wAVyOelHGJGPAH9xm3LOtU+++TM/-Tmp-/" />
    <property name="line.separator" value="
" />
    <property name="java.vm.specification.vendor" value="Sun Microsystems Inc." />
    <property name="os.name" value="Mac OS X" />
    <property name="sun.jnu.encoding" value="SJIS" />
    <property name="java.library.path" value=".:/Library/Java/Extensions:/System/Library/Java/Extensions:/usr/lib/java" />
    <property name="java.specification.name" value="Java Platform API Specification" />
    <property name="java.class.version" value="50.0" />
    <property name="sun.management.compiler" value="HotSpot 64-Bit Server Compiler" />
    <property name="os.version" value="10.6.2" />
    <property name="http.nonProxyHosts" value="local|*.local|169.254/16|*.169.254/16" />
    <property name="user.home" value="/Users/VoQn" />
    <property name="user.timezone" value="" />
    <property name="java.awt.printerjob" value="apple.awt.CPrinterJob" />
    <property name="java.specification.version" value="1.6" />
    <property name="file.encoding" value="UTF-8" />
    <property name="user.name" value="VoQn" />
    <property name="java.class.path" value="/Applications/NetBeans/NetBeans 6.8.app/Contents/Resources/NetBeans/java3/ant/lib/ant.jar:/Applications/NetBeans/NetBeans 6.8.app/Contents/Resources/NetBeans/java3/ant/lib/ant-junit.jar:/Applications/NetBeans/NetBeans 6.8.app/Contents/Resources/NetBeans/groovy2/modules/ext/groovy-all.jar:/Users/VoQn/repository/git/MyUtil/build/classes:/Applications/NetBeans/NetBeans 6.8.app/Contents/Resources/NetBeans/platform11/modules/ext/junit-4.5.jar:/Users/VoQn/repository/git/MyUtil/build/test/classes" />
    <property name="java.vm.specification.version" value="1.0" />
    <property name="sun.arch.data.model" value="64" />
    <property name="java.home" value="/System/Library/Frameworks/JavaVM.framework/Versions/1.6.0/Home" />
    <property name="java.specification.vendor" value="Sun Microsystems Inc." />
    <property name="user.language" value="ja" />
    <property name="awt.toolkit" value="apple.awt.CToolkit" />
    <property name="java.vm.info" value="mixed mode" />
    <property name="java.version" value="1.6.0_17" />
    <property name="java.ext.dirs" value="/Library/Java/Extensions:/System/Library/Java/Extensions:/System/Library/Frameworks/JavaVM.framework/Versions/1.6.0/Home/lib/ext" />
    <property name="sun.boot.class.path" value="/System/Library/Frameworks/JavaVM.framework/Versions/1.6.0/Classes/jsfd.jar:/System/Library/Frameworks/JavaVM.framework/Versions/1.6.0/Classes/classes.jar:/System/Library/Frameworks/JavaVM.framework/Frameworks/JavaRuntimeSupport.framework/Resources/Java/JavaRuntimeSupport.jar:/System/Library/Frameworks/JavaVM.framework/Versions/1.6.0/Classes/ui.jar:/System/Library/Frameworks/JavaVM.framework/Versions/1.6.0/Classes/laf.jar:/System/Library/Frameworks/JavaVM.framework/Versions/1.6.0/Classes/sunrsasign.jar:/System/Library/Frameworks/JavaVM.framework/Versions/1.6.0/Classes/jsse.jar:/System/Library/Frameworks/JavaVM.framework/Versions/1.6.0/Classes/jce.jar:/System/Library/Frameworks/JavaVM.framework/Versions/1.6.0/Classes/charsets.jar" />
    <property name="java.vendor" value="Apple Inc." />
    <property name="file.separator" value="/" />
    <property name="java.vendor.url.bug" value="http://bugreport.apple.com/" />
    <property name="sun.cpu.endian" value="little" />
    <property name="sun.io.unicode.encoding" value="UnicodeLittle" />
    <property name="mrj.version" value="1060.1.6.0_17-248" />
    <property name="socksNonProxyHosts" value="local|*.local|169.254/16|*.169.254/16" />
    <property name="ftp.nonProxyHosts" value="local|*.local|169.254/16|*.169.254/16" />
    <property name="sun.cpu.isalist" value="" />
  </properties>
  <testcase classname="jp.ne.voqn.CalculatorTest" name="testSumNormal" time="0.0040" />
  <testcase classname="jp.ne.voqn.CalculatorTest" name="testSumErrorCase" time="0.0" />
  <testcase classname="jp.ne.voqn.CalculatorTest" name="testProduct" time="0.0" />
  <testcase classname="jp.ne.voqn.CalculatorTest" name="testProductErrorCase" time="0.0010" />
  <testcase classname="jp.ne.voqn.CalculatorTest" name="testMax" time="0.0" />
  <testcase classname="jp.ne.voqn.CalculatorTest" name="testMaxErrorCase" time="0.0010" />
  <testcase classname="jp.ne.voqn.CalculatorTest" name="testMin" time="0.0" />
  <testcase classname="jp.ne.voqn.CalculatorTest" name="testMinErrorCase" time="0.0" />
  <system-out><![CDATA[]]></system-out>
  <system-err><![CDATA[]]></system-err>
</testsuite>
